2021-05-06T02:55:31.612559Z 0 [Warning] TIMESTAMP with implicit DEFAULT value is deprecated. Please use --explicit_defaults_for_timestamp server option (see documentation for more details).
2021-05-06T02:55:31.646842Z 0 [Warning] Setting lower_case_table_names=2 because file system for /var/lib/mysql/ is case insensitive
2021-05-06T02:55:34.067820Z 0 [Warning] InnoDB: New log files created, LSN=45790
2021-05-06T02:55:34.595733Z 0 [Warning] InnoDB: Creating foreign key constraint system tables.
2021-05-06T02:55:34.725470Z 0 [Warning] No existing UUID has been found, so we assume that this is the first time that this server has been started. Generating a new UUID: 874a8731-ae16-11eb-8ea4-0242ac130002.
2021-05-06T02:55:34.740345Z 0 [Warning] Gtid table is not ready to be used. Table 'mysql.gtid_executed' cannot be opened.
2021-05-06T02:55:35.501152Z 0 [Warning] CA certificate ca.pem is self signed.
2021-05-06T02:55:35.991372Z 1 [Warning] root@localhost is created with an empty password ! Please consider switching off the --initialize-insecure option.
2021-05-06T02:55:44.868059Z 0 [Warning] TIMESTAMP with implicit DEFAULT value is deprecated. Please use --explicit_defaults_for_timestamp server option (see documentation for more details).
2021-05-06T02:55:44.895870Z 0 [Note] mysqld (mysqld 5.7.31) starting as process 80 ...
2021-05-06T02:55:44.905079Z 0 [Warning] Setting lower_case_table_names=2 because file system for /var/lib/mysql/ is case insensitive
2021-05-06T02:55:44.912793Z 0 [Note] InnoDB: PUNCH HOLE support available
2021-05-06T02:55:44.913686Z 0 [Note] InnoDB: Mutexes and rw_locks use GCC atomic builtins
2021-05-06T02:55:44.914545Z 0 [Note] InnoDB: Uses event mutexes
2021-05-06T02:55:44.915410Z 0 [Note] InnoDB: GCC builtin __atomic_thread_fence() is used for memory barrier
2021-05-06T02:55:44.915951Z 0 [Note] InnoDB: Compressed tables use zlib 1.2.11
2021-05-06T02:55:44.916659Z 0 [Note] InnoDB: Using Linux native AIO
2021-05-06T02:55:44.917793Z 0 [Note] InnoDB: Number of pools: 1
2021-05-06T02:55:44.918553Z 0 [Note] InnoDB: Using CPU crc32 instructions
2021-05-06T02:55:44.927157Z 0 [Note] InnoDB: Initializing buffer pool, total size = 128M, instances = 1, chunk size = 128M
2021-05-06T02:55:44.944509Z 0 [Note] InnoDB: Completed initialization of buffer pool
2021-05-06T02:55:44.949631Z 0 [Note] InnoDB: If the mysqld execution user is authorized, page cleaner thread priority can be changed. See the man page of setpriority().
2021-05-06T02:55:45.017902Z 0 [Note] InnoDB: Highest supported file format is Barracuda.
2021-05-06T02:55:45.124506Z 0 [Note] InnoDB: Creating shared tablespace for temporary tables
2021-05-06T02:55:45.127872Z 0 [Note] InnoDB: Setting file './ibtmp1' size to 12 MB. Physically writing the file full; Please wait ...
2021-05-06T02:55:45.249706Z 0 [Note] InnoDB: File './ibtmp1' size is now 12 MB.
2021-05-06T02:55:45.255048Z 0 [Note] InnoDB: 96 redo rollback segment(s) found. 96 redo rollback segment(s) are active.
2021-05-06T02:55:45.255648Z 0 [Note] InnoDB: 32 non-redo rollback segment(s) are active.
2021-05-06T02:55:45.256856Z 0 [Note] InnoDB: Waiting for purge to start
2021-05-06T02:55:45.309937Z 0 [Note] InnoDB: 5.7.31 started; log sequence number 2720949
2021-05-06T02:55:45.314335Z 0 [Note] InnoDB: Loading buffer pool(s) from /var/lib/mysql/ib_buffer_pool
2021-05-06T02:55:45.315010Z 0 [Note] Plugin 'FEDERATED' is disabled.
2021-05-06T02:55:45.393912Z 0 [Note] Found ca.pem, server-cert.pem and server-key.pem in data directory. Trying to enable SSL support using them.
2021-05-06T02:55:45.395772Z 0 [Note] Skipping generation of SSL certificates as certificate files are present in data directory.
2021-05-06T02:55:45.402511Z 0 [Warning] CA certificate ca.pem is self signed.
2021-05-06T02:55:45.403342Z 0 [Note] Skipping generation of RSA key pair as key files are present in data directory.
2021-05-06T02:55:45.410928Z 0 [Note] InnoDB: Buffer pool(s) load completed at 210506 11:55:45
2021-05-06T02:55:45.414404Z 0 [Warning] Insecure configuration for --pid-file: Location '/var/run/mysqld' in the path is accessible to all OS users. Consider choosing a different directory.
2021-05-06T02:55:45.657748Z 0 [Note] Event Scheduler: Loaded 0 events
2021-05-06T02:55:45.658776Z 0 [Note] mysqld: ready for connections.
Version: '5.7.31'  socket: '/var/run/mysqld/mysqld.sock'  port: 0  MySQL Community Server (GPL)
2021-05-06T02:55:48.590304Z 0 [Note] Giving 0 client threads a chance to die gracefully
2021-05-06T02:55:48.591010Z 0 [Note] Shutting down slave threads
2021-05-06T02:55:48.591621Z 0 [Note] Forcefully disconnecting 0 remaining clients
2021-05-06T02:55:48.592146Z 0 [Note] Event Scheduler: Purging the queue. 0 events
2021-05-06T02:55:48.592774Z 0 [Note] Binlog end
2021-05-06T02:55:48.596386Z 0 [Note] Shutting down plugin 'ngram'
2021-05-06T02:55:48.597560Z 0 [Note] Shutting down plugin 'partition'
2021-05-06T02:55:48.598571Z 0 [Note] Shutting down plugin 'BLACKHOLE'
2021-05-06T02:55:48.599069Z 0 [Note] Shutting down plugin 'ARCHIVE'
2021-05-06T02:55:48.599637Z 0 [Note] Shutting down plugin 'PERFORMANCE_SCHEMA'
2021-05-06T02:55:48.600123Z 0 [Note] Shutting down plugin 'MRG_MYISAM'
2021-05-06T02:55:48.600778Z 0 [Note] Shutting down plugin 'MyISAM'
2021-05-06T02:55:48.601442Z 0 [Note] Shutting down plugin 'INNODB_SYS_VIRTUAL'
2021-05-06T02:55:48.602451Z 0 [Note] Shutting down plugin 'INNODB_SYS_DATAFILES'
2021-05-06T02:55:48.602959Z 0 [Note] Shutting down plugin 'INNODB_SYS_TABLESPACES'
2021-05-06T02:55:48.603508Z 0 [Note] Shutting down plugin 'INNODB_SYS_FOREIGN_COLS'
2021-05-06T02:55:48.604103Z 0 [Note] Shutting down plugin 'INNODB_SYS_FOREIGN'
2021-05-06T02:55:48.604605Z 0 [Note] Shutting down plugin 'INNODB_SYS_FIELDS'
2021-05-06T02:55:48.605035Z 0 [Note] Shutting down plugin 'INNODB_SYS_COLUMNS'
2021-05-06T02:55:48.605545Z 0 [Note] Shutting down plugin 'INNODB_SYS_INDEXES'
2021-05-06T02:55:48.606072Z 0 [Note] Shutting down plugin 'INNODB_SYS_TABLESTATS'
2021-05-06T02:55:48.606590Z 0 [Note] Shutting down plugin 'INNODB_SYS_TABLES'
2021-05-06T02:55:48.607033Z 0 [Note] Shutting down plugin 'INNODB_FT_INDEX_TABLE'
2021-05-06T02:55:48.607768Z 0 [Note] Shutting down plugin 'INNODB_FT_INDEX_CACHE'
2021-05-06T02:55:48.608503Z 0 [Note] Shutting down plugin 'INNODB_FT_CONFIG'
2021-05-06T02:55:48.609062Z 0 [Note] Shutting down plugin 'INNODB_FT_BEING_DELETED'
2021-05-06T02:55:48.609722Z 0 [Note] Shutting down plugin 'INNODB_FT_DELETED'
2021-05-06T02:55:48.610276Z 0 [Note] Shutting down plugin 'INNODB_FT_DEFAULT_STOPWORD'
2021-05-06T02:55:48.610824Z 0 [Note] Shutting down plugin 'INNODB_METRICS'
2021-05-06T02:55:48.611476Z 0 [Note] Shutting down plugin 'INNODB_TEMP_TABLE_INFO'
2021-05-06T02:55:48.612010Z 0 [Note] Shutting down plugin 'INNODB_BUFFER_POOL_STATS'
2021-05-06T02:55:48.612708Z 0 [Note] Shutting down plugin 'INNODB_BUFFER_PAGE_LRU'
2021-05-06T02:55:48.613188Z 0 [Note] Shutting down plugin 'INNODB_BUFFER_PAGE'
2021-05-06T02:55:48.613656Z 0 [Note] Shutting down plugin 'INNODB_CMP_PER_INDEX_RESET'
2021-05-06T02:55:48.614307Z 0 [Note] Shutting down plugin 'INNODB_CMP_PER_INDEX'
2021-05-06T02:55:48.614850Z 0 [Note] Shutting down plugin 'INNODB_CMPMEM_RESET'
2021-05-06T02:55:48.615551Z 0 [Note] Shutting down plugin 'INNODB_CMPMEM'
2021-05-06T02:55:48.616168Z 0 [Note] Shutting down plugin 'INNODB_CMP_RESET'
2021-05-06T02:55:48.616632Z 0 [Note] Shutting down plugin 'INNODB_CMP'
2021-05-06T02:55:48.617099Z 0 [Note] Shutting down plugin 'INNODB_LOCK_WAITS'
2021-05-06T02:55:48.617596Z 0 [Note] Shutting down plugin 'INNODB_LOCKS'
2021-05-06T02:55:48.618039Z 0 [Note] Shutting down plugin 'INNODB_TRX'
2021-05-06T02:55:48.618701Z 0 [Note] Shutting down plugin 'InnoDB'
2021-05-06T02:55:48.619546Z 0 [Note] InnoDB: FTS optimize thread exiting.
2021-05-06T02:55:48.620312Z 0 [Note] InnoDB: Starting shutdown...
2021-05-06T02:55:48.725956Z 0 [Note] InnoDB: Dumping buffer pool(s) to /var/lib/mysql/ib_buffer_pool
2021-05-06T02:55:48.742481Z 0 [Note] InnoDB: Buffer pool(s) dump completed at 210506 11:55:48
2021-05-06T02:55:50.452969Z 0 [Note] InnoDB: Shutdown completed; log sequence number 12579260
2021-05-06T02:55:50.475117Z 0 [Note] InnoDB: Removed temporary tablespace data file: "ibtmp1"
2021-05-06T02:55:50.477071Z 0 [Note] Shutting down plugin 'MEMORY'
2021-05-06T02:55:50.479903Z 0 [Note] Shutting down plugin 'CSV'
2021-05-06T02:55:50.482179Z 0 [Note] Shutting down plugin 'sha256_password'
2021-05-06T02:55:50.483844Z 0 [Note] Shutting down plugin 'mysql_native_password'
2021-05-06T02:55:50.485412Z 0 [Note] Shutting down plugin 'binlog'
2021-05-06T02:55:50.490131Z 0 [Note] mysqld: Shutdown complete

2021-05-06T02:55:50.794592Z 0 [Warning] TIMESTAMP with implicit DEFAULT value is deprecated. Please use --explicit_defaults_for_timestamp server option (see documentation for more details).
2021-05-06T02:55:50.814592Z 0 [Note] mysqld (mysqld 5.7.31) starting as process 1 ...
2021-05-06T02:55:50.819718Z 0 [Warning] Setting lower_case_table_names=2 because file system for /var/lib/mysql/ is case insensitive
2021-05-06T02:55:50.823861Z 0 [Note] InnoDB: PUNCH HOLE support available
2021-05-06T02:55:50.824478Z 0 [Note] InnoDB: Mutexes and rw_locks use GCC atomic builtins
2021-05-06T02:55:50.824866Z 0 [Note] InnoDB: Uses event mutexes
2021-05-06T02:55:50.825682Z 0 [Note] InnoDB: GCC builtin __atomic_thread_fence() is used for memory barrier
2021-05-06T02:55:50.826304Z 0 [Note] InnoDB: Compressed tables use zlib 1.2.11
2021-05-06T02:55:50.826645Z 0 [Note] InnoDB: Using Linux native AIO
2021-05-06T02:55:50.827451Z 0 [Note] InnoDB: Number of pools: 1
2021-05-06T02:55:50.828150Z 0 [Note] InnoDB: Using CPU crc32 instructions
2021-05-06T02:55:50.829690Z 0 [Note] InnoDB: Initializing buffer pool, total size = 128M, instances = 1, chunk size = 128M
2021-05-06T02:55:50.835628Z 0 [Note] InnoDB: Completed initialization of buffer pool
2021-05-06T02:55:50.838060Z 0 [Note] InnoDB: If the mysqld execution user is authorized, page cleaner thread priority can be changed. See the man page of setpriority().
2021-05-06T02:55:50.919584Z 0 [Note] InnoDB: Highest supported file format is Barracuda.
2021-05-06T02:55:50.998438Z 0 [Note] InnoDB: Creating shared tablespace for temporary tables
2021-05-06T02:55:51.002369Z 0 [Note] InnoDB: Setting file './ibtmp1' size to 12 MB. Physically writing the file full; Please wait ...
2021-05-06T02:55:51.144796Z 0 [Note] InnoDB: File './ibtmp1' size is now 12 MB.
2021-05-06T02:55:51.155564Z 0 [Note] InnoDB: 96 redo rollback segment(s) found. 96 redo rollback segment(s) are active.
2021-05-06T02:55:51.156323Z 0 [Note] InnoDB: 32 non-redo rollback segment(s) are active.
2021-05-06T02:55:51.157791Z 0 [Note] InnoDB: 5.7.31 started; log sequence number 12579260
2021-05-06T02:55:51.158762Z 0 [Note] Plugin 'FEDERATED' is disabled.
2021-05-06T02:55:51.158868Z 0 [Note] InnoDB: Loading buffer pool(s) from /var/lib/mysql/ib_buffer_pool
2021-05-06T02:55:51.177572Z 0 [Note] Found ca.pem, server-cert.pem and server-key.pem in data directory. Trying to enable SSL support using them.
2021-05-06T02:55:51.178965Z 0 [Note] Skipping generation of SSL certificates as certificate files are present in data directory.
2021-05-06T02:55:51.191397Z 0 [Warning] CA certificate ca.pem is self signed.
2021-05-06T02:55:51.197426Z 0 [Note] Skipping generation of RSA key pair as key files are present in data directory.
2021-05-06T02:55:51.202505Z 0 [Note] Server hostname (bind-address): '*'; port: 3306
2021-05-06T02:55:51.203811Z 0 [Note] IPv6 is available.
2021-05-06T02:55:51.206504Z 0 [Note]   - '::' resolves to '::';
2021-05-06T02:55:51.207393Z 0 [Note] Server socket created on IP: '::'.
2021-05-06T02:55:51.210820Z 0 [Warning] Insecure configuration for --pid-file: Location '/var/run/mysqld' in the path is accessible to all OS users. Consider choosing a different directory.
2021-05-06T02:55:51.247665Z 0 [Note] InnoDB: Buffer pool(s) load completed at 210506 11:55:51
2021-05-06T02:55:51.429577Z 0 [Note] Event Scheduler: Loaded 0 events
2021-05-06T02:55:51.430732Z 0 [Note] mysqld: ready for connections.
Version: '5.7.31'  socket: '/var/run/mysqld/mysqld.sock'  port: 3306  MySQL Community Server (GPL)
2021-05-06T03:00:47.881069Z 0 [Note] Giving 0 client threads a chance to die gracefully
2021-05-06T03:00:47.882414Z 0 [Note] Shutting down slave threads
2021-05-06T03:00:47.883845Z 0 [Note] Forcefully disconnecting 0 remaining clients
2021-05-06T03:00:47.885880Z 0 [Note] Event Scheduler: Purging the queue. 0 events
2021-05-06T03:00:47.886946Z 0 [Note] Binlog end
2021-05-06T03:00:47.888323Z 0 [Note] Shutting down plugin 'ngram'
2021-05-06T03:00:47.891592Z 0 [Note] Shutting down plugin 'partition'
2021-05-06T03:00:47.892678Z 0 [Note] Shutting down plugin 'BLACKHOLE'
2021-05-06T03:00:47.893770Z 0 [Note] Shutting down plugin 'ARCHIVE'
2021-05-06T03:00:47.894618Z 0 [Note] Shutting down plugin 'PERFORMANCE_SCHEMA'
2021-05-06T03:00:47.895245Z 0 [Note] Shutting down plugin 'MRG_MYISAM'
2021-05-06T03:00:47.895917Z 0 [Note] Shutting down plugin 'MyISAM'
2021-05-06T03:00:47.896620Z 0 [Note] Shutting down plugin 'INNODB_SYS_VIRTUAL'
2021-05-06T03:00:47.897582Z 0 [Note] Shutting down plugin 'INNODB_SYS_DATAFILES'
2021-05-06T03:00:47.898444Z 0 [Note] Shutting down plugin 'INNODB_SYS_TABLESPACES'
2021-05-06T03:00:47.899291Z 0 [Note] Shutting down plugin 'INNODB_SYS_FOREIGN_COLS'
2021-05-06T03:00:47.899893Z 0 [Note] Shutting down plugin 'INNODB_SYS_FOREIGN'
2021-05-06T03:00:47.900579Z 0 [Note] Shutting down plugin 'INNODB_SYS_FIELDS'
2021-05-06T03:00:47.901083Z 0 [Note] Shutting down plugin 'INNODB_SYS_COLUMNS'
2021-05-06T03:00:47.901503Z 0 [Note] Shutting down plugin 'INNODB_SYS_INDEXES'
2021-05-06T03:00:47.901965Z 0 [Note] Shutting down plugin 'INNODB_SYS_TABLESTATS'
2021-05-06T03:00:47.902645Z 0 [Note] Shutting down plugin 'INNODB_SYS_TABLES'
2021-05-06T03:00:47.903249Z 0 [Note] Shutting down plugin 'INNODB_FT_INDEX_TABLE'
2021-05-06T03:00:47.903928Z 0 [Note] Shutting down plugin 'INNODB_FT_INDEX_CACHE'
2021-05-06T03:00:47.904499Z 0 [Note] Shutting down plugin 'INNODB_FT_CONFIG'
2021-05-06T03:00:47.905050Z 0 [Note] Shutting down plugin 'INNODB_FT_BEING_DELETED'
2021-05-06T03:00:47.905631Z 0 [Note] Shutting down plugin 'INNODB_FT_DELETED'
2021-05-06T03:00:47.905979Z 0 [Note] Shutting down plugin 'INNODB_FT_DEFAULT_STOPWORD'
2021-05-06T03:00:47.906337Z 0 [Note] Shutting down plugin 'INNODB_METRICS'
2021-05-06T03:00:47.906745Z 0 [Note] Shutting down plugin 'INNODB_TEMP_TABLE_INFO'
2021-05-06T03:00:47.907105Z 0 [Note] Shutting down plugin 'INNODB_BUFFER_POOL_STATS'
2021-05-06T03:00:47.907616Z 0 [Note] Shutting down plugin 'INNODB_BUFFER_PAGE_LRU'
2021-05-06T03:00:47.908032Z 0 [Note] Shutting down plugin 'INNODB_BUFFER_PAGE'
2021-05-06T03:00:47.908843Z 0 [Note] Shutting down plugin 'INNODB_CMP_PER_INDEX_RESET'
2021-05-06T03:00:47.909402Z 0 [Note] Shutting down plugin 'INNODB_CMP_PER_INDEX'
2021-05-06T03:00:47.910001Z 0 [Note] Shutting down plugin 'INNODB_CMPMEM_RESET'
2021-05-06T03:00:47.910611Z 0 [Note] Shutting down plugin 'INNODB_CMPMEM'
2021-05-06T03:00:47.911013Z 0 [Note] Shutting down plugin 'INNODB_CMP_RESET'
2021-05-06T03:00:47.911463Z 0 [Note] Shutting down plugin 'INNODB_CMP'
2021-05-06T03:00:47.911959Z 0 [Note] Shutting down plugin 'INNODB_LOCK_WAITS'
2021-05-06T03:00:47.912709Z 0 [Note] Shutting down plugin 'INNODB_LOCKS'
2021-05-06T03:00:47.913540Z 0 [Note] Shutting down plugin 'INNODB_TRX'
2021-05-06T03:00:47.914044Z 0 [Note] Shutting down plugin 'InnoDB'
2021-05-06T03:00:47.914584Z 0 [Note] InnoDB: FTS optimize thread exiting.
2021-05-06T03:00:47.915215Z 0 [Note] InnoDB: Starting shutdown...
2021-05-06T03:00:48.018030Z 0 [Note] InnoDB: Dumping buffer pool(s) to /var/lib/mysql/ib_buffer_pool
2021-05-06T03:00:48.036296Z 0 [Note] InnoDB: Buffer pool(s) dump completed at 210506 12:00:48
2021-05-06T03:00:49.560099Z 0 [Note] InnoDB: Shutdown completed; log sequence number 12579288
2021-05-06T03:00:49.566356Z 0 [Note] InnoDB: Removed temporary tablespace data file: "ibtmp1"
2021-05-06T03:00:49.568010Z 0 [Note] Shutting down plugin 'MEMORY'
2021-05-06T03:00:49.568972Z 0 [Note] Shutting down plugin 'CSV'
2021-05-06T03:00:49.570028Z 0 [Note] Shutting down plugin 'sha256_password'
2021-05-06T03:00:49.571211Z 0 [Note] Shutting down plugin 'mysql_native_password'
2021-05-06T03:00:49.572735Z 0 [Note] Shutting down plugin 'binlog'
2021-05-06T03:00:49.578313Z 0 [Note] mysqld: Shutdown complete

2021-05-06T03:03:55.600499Z 0 [Warning] TIMESTAMP with implicit DEFAULT value is deprecated. Please use --explicit_defaults_for_timestamp server option (see documentation for more details).
2021-05-06T03:03:55.608706Z 0 [Note] mysqld (mysqld 5.7.31) starting as process 1 ...
2021-05-06T03:03:55.623506Z 0 [Warning] Setting lower_case_table_names=2 because file system for /var/lib/mysql/ is case insensitive
2021-05-06T03:03:55.629669Z 0 [Note] InnoDB: PUNCH HOLE support available
2021-05-06T03:03:55.630906Z 0 [Note] InnoDB: Mutexes and rw_locks use GCC atomic builtins
2021-05-06T03:03:55.631744Z 0 [Note] InnoDB: Uses event mutexes
2021-05-06T03:03:55.632445Z 0 [Note] InnoDB: GCC builtin __atomic_thread_fence() is used for memory barrier
2021-05-06T03:03:55.633422Z 0 [Note] InnoDB: Compressed tables use zlib 1.2.11
2021-05-06T03:03:55.633999Z 0 [Note] InnoDB: Using Linux native AIO
2021-05-06T03:03:55.635058Z 0 [Note] InnoDB: Number of pools: 1
2021-05-06T03:03:55.637130Z 0 [Note] InnoDB: Using CPU crc32 instructions
2021-05-06T03:03:55.640021Z 0 [Note] InnoDB: Initializing buffer pool, total size = 128M, instances = 1, chunk size = 128M
2021-05-06T03:03:55.648885Z 0 [Note] InnoDB: Completed initialization of buffer pool
2021-05-06T03:03:55.660226Z 0 [Note] InnoDB: If the mysqld execution user is authorized, page cleaner thread priority can be changed. See the man page of setpriority().
2021-05-06T03:03:55.776669Z 0 [Note] InnoDB: Highest supported file format is Barracuda.
2021-05-06T03:03:56.003216Z 0 [Note] InnoDB: Creating shared tablespace for temporary tables
2021-05-06T03:03:56.012811Z 0 [Note] InnoDB: Setting file './ibtmp1' size to 12 MB. Physically writing the file full; Please wait ...
2021-05-06T03:03:56.200078Z 0 [Note] InnoDB: File './ibtmp1' size is now 12 MB.
2021-05-06T03:03:56.206434Z 0 [Note] InnoDB: 96 redo rollback segment(s) found. 96 redo rollback segment(s) are active.
2021-05-06T03:03:56.211663Z 0 [Note] InnoDB: 32 non-redo rollback segment(s) are active.
2021-05-06T03:03:56.213199Z 0 [Note] InnoDB: Waiting for purge to start
2021-05-06T03:03:56.264787Z 0 [Note] InnoDB: 5.7.31 started; log sequence number 12579288
2021-05-06T03:03:56.266137Z 0 [Note] InnoDB: Loading buffer pool(s) from /var/lib/mysql/ib_buffer_pool
2021-05-06T03:03:56.266295Z 0 [Note] Plugin 'FEDERATED' is disabled.
2021-05-06T03:03:56.288808Z 0 [Note] InnoDB: Buffer pool(s) load completed at 210506 12:03:56
2021-05-06T03:03:56.300129Z 0 [Note] Found ca.pem, server-cert.pem and server-key.pem in data directory. Trying to enable SSL support using them.
2021-05-06T03:03:56.300734Z 0 [Note] Skipping generation of SSL certificates as certificate files are present in data directory.
2021-05-06T03:03:56.304849Z 0 [Warning] CA certificate ca.pem is self signed.
2021-05-06T03:03:56.305522Z 0 [Note] Skipping generation of RSA key pair as key files are present in data directory.
2021-05-06T03:03:56.308183Z 0 [Note] Server hostname (bind-address): '*'; port: 3306
2021-05-06T03:03:56.308928Z 0 [Note] IPv6 is available.
2021-05-06T03:03:56.310030Z 0 [Note]   - '::' resolves to '::';
2021-05-06T03:03:56.310784Z 0 [Note] Server socket created on IP: '::'.
2021-05-06T03:03:56.314311Z 0 [Warning] Insecure configuration for --pid-file: Location '/var/run/mysqld' in the path is accessible to all OS users. Consider choosing a different directory.
2021-05-06T03:03:56.566496Z 0 [Note] Event Scheduler: Loaded 0 events
2021-05-06T03:03:56.567442Z 0 [Note] mysqld: ready for connections.
Version: '5.7.31'  socket: '/var/run/mysqld/mysqld.sock'  port: 3306  MySQL Community Server (GPL)
2021-05-06T04:35:38.444485Z 0 [Note] Giving 0 client threads a chance to die gracefully
2021-05-06T04:35:38.445778Z 0 [Note] Shutting down slave threads
2021-05-06T04:35:38.446562Z 0 [Note] Forcefully disconnecting 0 remaining clients
2021-05-06T04:35:38.448223Z 0 [Note] Event Scheduler: Purging the queue. 0 events
2021-05-06T04:35:38.451039Z 0 [Note] Binlog end
2021-05-06T04:35:38.456061Z 0 [Note] Shutting down plugin 'ngram'
2021-05-06T04:35:38.457588Z 0 [Note] Shutting down plugin 'partition'
2021-05-06T04:35:38.459208Z 0 [Note] Shutting down plugin 'BLACKHOLE'
2021-05-06T04:35:38.459821Z 0 [Note] Shutting down plugin 'ARCHIVE'
2021-05-06T04:35:38.460471Z 0 [Note] Shutting down plugin 'PERFORMANCE_SCHEMA'
2021-05-06T04:35:38.461058Z 0 [Note] Shutting down plugin 'MRG_MYISAM'
2021-05-06T04:35:38.461453Z 0 [Note] Shutting down plugin 'MyISAM'
2021-05-06T04:35:38.462056Z 0 [Note] Shutting down plugin 'INNODB_SYS_VIRTUAL'
2021-05-06T04:35:38.463063Z 0 [Note] Shutting down plugin 'INNODB_SYS_DATAFILES'
2021-05-06T04:35:38.463534Z 0 [Note] Shutting down plugin 'INNODB_SYS_TABLESPACES'
2021-05-06T04:35:38.464828Z 0 [Note] Shutting down plugin 'INNODB_SYS_FOREIGN_COLS'
2021-05-06T04:35:38.465637Z 0 [Note] Shutting down plugin 'INNODB_SYS_FOREIGN'
2021-05-06T04:35:38.466545Z 0 [Note] Shutting down plugin 'INNODB_SYS_FIELDS'
2021-05-06T04:35:38.467196Z 0 [Note] Shutting down plugin 'INNODB_SYS_COLUMNS'
2021-05-06T04:35:38.467806Z 0 [Note] Shutting down plugin 'INNODB_SYS_INDEXES'
2021-05-06T04:35:38.468362Z 0 [Note] Shutting down plugin 'INNODB_SYS_TABLESTATS'
2021-05-06T04:35:38.468985Z 0 [Note] Shutting down plugin 'INNODB_SYS_TABLES'
2021-05-06T04:35:38.469679Z 0 [Note] Shutting down plugin 'INNODB_FT_INDEX_TABLE'
2021-05-06T04:35:38.470791Z 0 [Note] Shutting down plugin 'INNODB_FT_INDEX_CACHE'
2021-05-06T04:35:38.471392Z 0 [Note] Shutting down plugin 'INNODB_FT_CONFIG'
2021-05-06T04:35:38.472096Z 0 [Note] Shutting down plugin 'INNODB_FT_BEING_DELETED'
2021-05-06T04:35:38.472957Z 0 [Note] Shutting down plugin 'INNODB_FT_DELETED'
2021-05-06T04:35:38.473639Z 0 [Note] Shutting down plugin 'INNODB_FT_DEFAULT_STOPWORD'
2021-05-06T04:35:38.474547Z 0 [Note] Shutting down plugin 'INNODB_METRICS'
2021-05-06T04:35:38.475107Z 0 [Note] Shutting down plugin 'INNODB_TEMP_TABLE_INFO'
2021-05-06T04:35:38.475778Z 0 [Note] Shutting down plugin 'INNODB_BUFFER_POOL_STATS'
2021-05-06T04:35:38.476421Z 0 [Note] Shutting down plugin 'INNODB_BUFFER_PAGE_LRU'
2021-05-06T04:35:38.476932Z 0 [Note] Shutting down plugin 'INNODB_BUFFER_PAGE'
2021-05-06T04:35:38.477616Z 0 [Note] Shutting down plugin 'INNODB_CMP_PER_INDEX_RESET'
2021-05-06T04:35:38.478100Z 0 [Note] Shutting down plugin 'INNODB_CMP_PER_INDEX'
2021-05-06T04:35:38.478975Z 0 [Note] Shutting down plugin 'INNODB_CMPMEM_RESET'
2021-05-06T04:35:38.479503Z 0 [Note] Shutting down plugin 'INNODB_CMPMEM'
2021-05-06T04:35:38.480097Z 0 [Note] Shutting down plugin 'INNODB_CMP_RESET'
2021-05-06T04:35:38.480638Z 0 [Note] Shutting down plugin 'INNODB_CMP'
2021-05-06T04:35:38.481540Z 0 [Note] Shutting down plugin 'INNODB_LOCK_WAITS'
2021-05-06T04:35:38.482086Z 0 [Note] Shutting down plugin 'INNODB_LOCKS'
2021-05-06T04:35:38.482979Z 0 [Note] Shutting down plugin 'INNODB_TRX'
2021-05-06T04:35:38.483585Z 0 [Note] Shutting down plugin 'InnoDB'
2021-05-06T04:35:38.484317Z 0 [Note] InnoDB: FTS optimize thread exiting.
2021-05-06T04:35:38.485046Z 0 [Note] InnoDB: Starting shutdown...
2021-05-06T04:35:38.592939Z 0 [Note] InnoDB: Dumping buffer pool(s) to /var/lib/mysql/ib_buffer_pool
2021-05-06T04:35:38.601029Z 0 [ERROR] InnoDB: Cannot open '/var/lib/mysql/ib_buffer_pool.incomplete' for writing: No such file or directory
2021-05-06T04:35:40.076049Z 0 [Note] InnoDB: Shutdown completed; log sequence number 12579316
2021-05-06T04:35:40.080491Z 0 [Note] Shutting down plugin 'MEMORY'
2021-05-06T04:35:40.081288Z 0 [Note] Shutting down plugin 'CSV'
2021-05-06T04:35:40.081817Z 0 [Note] Shutting down plugin 'sha256_password'
2021-05-06T04:35:40.082313Z 0 [Note] Shutting down plugin 'mysql_native_password'
2021-05-06T04:35:40.083468Z 0 [Note] Shutting down plugin 'binlog'
2021-05-06T04:35:40.096288Z 0 [Note] mysqld: Shutdown complete

2021-05-06T04:35:46.422401Z 0 [Warning] TIMESTAMP with implicit DEFAULT value is deprecated. Please use --explicit_defaults_for_timestamp server option (see documentation for more details).
2021-05-06T04:35:46.427998Z 0 [Note] mysqld (mysqld 5.7.31) starting as process 1 ...
2021-05-06T04:35:46.433787Z 0 [Warning] Setting lower_case_table_names=2 because file system for /var/lib/mysql/ is case insensitive
2021-05-06T04:35:46.438284Z 0 [Note] InnoDB: PUNCH HOLE support available
2021-05-06T04:35:46.439301Z 0 [Note] InnoDB: Mutexes and rw_locks use GCC atomic builtins
2021-05-06T04:35:46.440060Z 0 [Note] InnoDB: Uses event mutexes
2021-05-06T04:35:46.440686Z 0 [Note] InnoDB: GCC builtin __atomic_thread_fence() is used for memory barrier
2021-05-06T04:35:46.441480Z 0 [Note] InnoDB: Compressed tables use zlib 1.2.11
2021-05-06T04:35:46.442260Z 0 [Note] InnoDB: Using Linux native AIO
2021-05-06T04:35:46.443125Z 0 [Note] InnoDB: Number of pools: 1
2021-05-06T04:35:46.444096Z 0 [Note] InnoDB: Using CPU crc32 instructions
2021-05-06T04:35:46.446857Z 0 [Note] InnoDB: Initializing buffer pool, total size = 128M, instances = 1, chunk size = 128M
2021-05-06T04:35:46.453371Z 0 [Note] InnoDB: Completed initialization of buffer pool
2021-05-06T04:35:46.460666Z 0 [Note] InnoDB: If the mysqld execution user is authorized, page cleaner thread priority can be changed. See the man page of setpriority().
2021-05-06T04:35:46.536856Z 0 [Note] InnoDB: Highest supported file format is Barracuda.
2021-05-06T04:35:46.739658Z 0 [Note] InnoDB: Removed temporary tablespace data file: "ibtmp1"
2021-05-06T04:35:46.740769Z 0 [Note] InnoDB: Creating shared tablespace for temporary tables
2021-05-06T04:35:46.747588Z 0 [Note] InnoDB: Setting file './ibtmp1' size to 12 MB. Physically writing the file full; Please wait ...
2021-05-06T04:35:46.965625Z 0 [Note] InnoDB: File './ibtmp1' size is now 12 MB.
2021-05-06T04:35:46.984475Z 0 [Note] InnoDB: 96 redo rollback segment(s) found. 96 redo rollback segment(s) are active.
2021-05-06T04:35:46.986371Z 0 [Note] InnoDB: 32 non-redo rollback segment(s) are active.
2021-05-06T04:35:46.988552Z 0 [Note] InnoDB: 5.7.31 started; log sequence number 12579316
2021-05-06T04:35:46.991028Z 0 [Note] Plugin 'FEDERATED' is disabled.
2021-05-06T04:35:46.991638Z 0 [Note] InnoDB: Loading buffer pool(s) from /var/lib/mysql/ib_buffer_pool
2021-05-06T04:35:47.117866Z 0 [Note] Found ca.pem, server-cert.pem and server-key.pem in data directory. Trying to enable SSL support using them.
2021-05-06T04:35:47.120648Z 0 [Note] Skipping generation of SSL certificates as certificate files are present in data directory.
2021-05-06T04:35:47.163933Z 0 [Warning] CA certificate ca.pem is self signed.
2021-05-06T04:35:47.168817Z 0 [Note] Skipping generation of RSA key pair as key files are present in data directory.
2021-05-06T04:35:47.179670Z 0 [Note] Server hostname (bind-address): '*'; port: 3306
2021-05-06T04:35:47.181940Z 0 [Note] InnoDB: Buffer pool(s) load completed at 210506 13:35:47
2021-05-06T04:35:47.182385Z 0 [Note] IPv6 is available.
2021-05-06T04:35:47.184930Z 0 [Note]   - '::' resolves to '::';
2021-05-06T04:35:47.185404Z 0 [Note] Server socket created on IP: '::'.
2021-05-06T04:35:47.220421Z 0 [Warning] Insecure configuration for --pid-file: Location '/var/run/mysqld' in the path is accessible to all OS users. Consider choosing a different directory.
2021-05-06T04:35:47.639414Z 0 [Note] Event Scheduler: Loaded 0 events
2021-05-06T04:35:47.640998Z 0 [Note] mysqld: ready for connections.
Version: '5.7.31'  socket: '/var/run/mysqld/mysqld.sock'  port: 3306  MySQL Community Server (GPL)
